<?xml version="1.0" encoding="UTF-8"?>
<testsuite xmlns:xsi="http://www.w3.org/2001/XMLSchema-instance" xsi:noNamespaceSchemaLocation="https://maven.apache.org/surefire/maven-surefire-plugin/xsd/surefire-test-report.xsd" name="com.gmall.AppTest" time="0.045" tests="1" errors="0" skipped="0" failures="0">
  <properties>
    <property name="sun.desktop" value="windows"/>
    <property name="awt.toolkit" value="sun.awt.windows.WToolkit"/>
    <property name="file.encoding.pkg" value="sun.io"/>
    <property name="java.specification.version" value="1.8"/>
    <property name="sun.cpu.isalist" value="amd64"/>
    <property name="sun.jnu.encoding" value="GBK"/>
    <property name="java.class.path" value="E:\Github\user-service-provider\target\test-classes;E:\Github\user-service-provider\target\classes;D:\maven\repository\junit\junit\4.11\junit-4.11.jar;D:\maven\repository\org\hamcrest\hamcrest-core\1.3\hamcrest-core-1.3.jar;D:\maven\repository\com\gmall\gmall-interface\1.0-SNAPSHOT\gmall-interface-1.0-SNAPSHOT.jar;D:\maven\repository\com\alibaba\dubbo\2.6.2\dubbo-2.6.2.jar;D:\maven\repository\org\springframework\spring-context\4.3.16.RELEASE\spring-context-4.3.16.RELEASE.jar;D:\maven\repository\org\springframework\spring-aop\4.3.16.RELEASE\spring-aop-4.3.16.RELEASE.jar;D:\maven\repository\org\springframework\spring-beans\4.3.16.RELEASE\spring-beans-4.3.16.RELEASE.jar;D:\maven\repository\org\springframework\spring-core\4.3.16.RELEASE\spring-core-4.3.16.RELEASE.jar;D:\maven\repository\commons-logging\commons-logging\1.2\commons-logging-1.2.jar;D:\maven\repository\org\springframework\spring-expression\4.3.16.RELEASE\spring-expression-4.3.16.RELEASE.jar;D:\maven\repository\org\javassist\javassist\3.20.0-GA\javassist-3.20.0-GA.jar;D:\maven\repository\org\jboss\netty\netty\3.2.5.Final\netty-3.2.5.Final.jar;D:\maven\repository\org\apache\curator\curator-framework\2.12.0\curator-framework-2.12.0.jar;D:\maven\repository\org\apache\curator\curator-client\2.12.0\curator-client-2.12.0.jar;D:\maven\repository\org\apache\zookeeper\zookeeper\3.4.8\zookeeper-3.4.8.jar;D:\maven\repository\log4j\log4j\1.2.16\log4j-1.2.16.jar;D:\maven\repository\jline\jline\0.9.94\jline-0.9.94.jar;D:\maven\repository\io\netty\netty\3.7.0.Final\netty-3.7.0.Final.jar;D:\maven\repository\com\google\guava\guava\16.0.1\guava-16.0.1.jar;D:\maven\repository\org\slf4j\slf4j-api\1.7.6\slf4j-api-1.7.6.jar;"/>
    <property name="java.vm.vendor" value="Oracle Corporation"/>
    <property name="sun.arch.data.model" value="64"/>
    <property name="user.variant" value=""/>
    <property name="java.vendor.url" value="http://java.oracle.com/"/>
    <property name="user.timezone" value="Asia/Shanghai"/>
    <property name="java.vm.specification.version" value="1.8"/>
    <property name="os.name" value="Windows 10"/>
    <property name="user.country" value="CN"/>
    <property name="sun.java.launcher" value="SUN_STANDARD"/>
    <property name="sun.boot.library.path" value="C:\Program Files\Java\jdk1.8.0_221\jre\bin"/>
    <property name="sun.java.command" value="C:\Users\ADMINI~1\AppData\Local\Temp\surefire8548833558085996213\surefirebooter4469045772122741423.jar C:\Users\Administrator\AppData\Local\Temp\surefire8548833558085996213 2020-06-18T15-56-17_378-jvmRun1 surefire7655126576945892397tmp surefire_08326231144646431354tmp"/>
    <property name="surefire.test.class.path" value="E:\Github\user-service-provider\target\test-classes;E:\Github\user-service-provider\target\classes;D:\maven\repository\junit\junit\4.11\junit-4.11.jar;D:\maven\repository\org\hamcrest\hamcrest-core\1.3\hamcrest-core-1.3.jar;D:\maven\repository\com\gmall\gmall-interface\1.0-SNAPSHOT\gmall-interface-1.0-SNAPSHOT.jar;D:\maven\repository\com\alibaba\dubbo\2.6.2\dubbo-2.6.2.jar;D:\maven\repository\org\springframework\spring-context\4.3.16.RELEASE\spring-context-4.3.16.RELEASE.jar;D:\maven\repository\org\springframework\spring-aop\4.3.16.RELEASE\spring-aop-4.3.16.RELEASE.jar;D:\maven\repository\org\springframework\spring-beans\4.3.16.RELEASE\spring-beans-4.3.16.RELEASE.jar;D:\maven\repository\org\springframework\spring-core\4.3.16.RELEASE\spring-core-4.3.16.RELEASE.jar;D:\maven\repository\commons-logging\commons-logging\1.2\commons-logging-1.2.jar;D:\maven\repository\org\springframework\spring-expression\4.3.16.RELEASE\spring-expression-4.3.16.RELEASE.jar;D:\maven\repository\org\javassist\javassist\3.20.0-GA\javassist-3.20.0-GA.jar;D:\maven\repository\org\jboss\netty\netty\3.2.5.Final\netty-3.2.5.Final.jar;D:\maven\repository\org\apache\curator\curator-framework\2.12.0\curator-framework-2.12.0.jar;D:\maven\repository\org\apache\curator\curator-client\2.12.0\curator-client-2.12.0.jar;D:\maven\repository\org\apache\zookeeper\zookeeper\3.4.8\zookeeper-3.4.8.jar;D:\maven\repository\log4j\log4j\1.2.16\log4j-1.2.16.jar;D:\maven\repository\jline\jline\0.9.94\jline-0.9.94.jar;D:\maven\repository\io\netty\netty\3.7.0.Final\netty-3.7.0.Final.jar;D:\maven\repository\com\google\guava\guava\16.0.1\guava-16.0.1.jar;D:\maven\repository\org\slf4j\slf4j-api\1.7.6\slf4j-api-1.7.6.jar;"/>
    <property name="sun.cpu.endian" value="little"/>
    <property name="user.home" value="C:\Users\Administrator"/>
    <property name="user.language" value="zh"/>
    <property name="java.specification.vendor" value="Oracle Corporation"/>
    <property name="java.home" value="C:\Program Files\Java\jdk1.8.0_221\jre"/>
    <property name="basedir" value="E:\Github\user-service-provider"/>
    <property name="file.separator" value="\"/>
    <property name="line.separator" value="&#10;"/>
    <property name="java.vm.specification.vendor" value="Oracle Corporation"/>
    <property name="java.specification.name" value="Java Platform API Specification"/>
    <property name="java.awt.graphicsenv" value="sun.awt.Win32GraphicsEnvironment"/>
    <property name="idea.version2020.1.1" value="true"/>
    <property name="surefire.real.class.path" value="C:\Users\ADMINI~1\AppData\Local\Temp\surefire8548833558085996213\surefirebooter4469045772122741423.jar"/>
    <property name="sun.boot.class.path" value="C:\Program Files\Java\jdk1.8.0_221\jre\lib\resources.jar;C:\Program Files\Java\jdk1.8.0_221\jre\lib\rt.jar;C:\Program Files\Java\jdk1.8.0_221\jre\lib\sunrsasign.jar;C:\Program Files\Java\jdk1.8.0_221\jre\lib\jsse.jar;C:\Program Files\Java\jdk1.8.0_221\jre\lib\jce.jar;C:\Program Files\Java\jdk1.8.0_221\jre\lib\charsets.jar;C:\Program Files\Java\jdk1.8.0_221\jre\lib\jfr.jar;C:\Program Files\Java\jdk1.8.0_221\jre\classes"/>
    <property name="user.script" value=""/>
    <property name="sun.management.compiler" value="HotSpot 64-Bit Tiered Compilers"/>
    <property name="java.runtime.version" value="1.8.0_221-b11"/>
    <property name="user.name" value="Administrator"/>
    <property name="path.separator" value=";"/>
    <property name="os.version" value="10.0"/>
    <property name="java.endorsed.dirs" value="C:\Program Files\Java\jdk1.8.0_221\jre\lib\endorsed"/>
    <property name="java.runtime.name" value="Java(TM) SE Runtime Environment"/>
    <property name="file.encoding" value="GBK"/>
    <property name="java.vm.name" value="Java HotSpot(TM) 64-Bit Server VM"/>
    <property name="localRepository" value="D:\maven\repository"/>
    <property name="java.vendor.url.bug" value="http://bugreport.sun.com/bugreport/"/>
    <property name="java.io.tmpdir" value="C:\Users\ADMINI~1\AppData\Local\Temp\"/>
    <property name="java.version" value="1.8.0_221"/>
    <property name="user.dir" value="E:\Github\user-service-provider"/>
    <property name="os.arch" value="amd64"/>
    <property name="java.vm.specification.name" value="Java Virtual Machine Specification"/>
    <property name="java.awt.printerjob" value="sun.awt.windows.WPrinterJob"/>
    <property name="sun.os.patch.level" value=""/>
    <property name="java.library.path" value="C:\Program Files\Java\jdk1.8.0_221\jre\bin;C:\Windows\Sun\Java\bin;C:\Windows\system32;C:\Windows;C:\Python27\;C:\Python27\Scripts;E:\Soft\Xshell\;E:\Soft\Xftp\;C:\Program Files (x86)\Common Files\Oracle\Java\javapath;C:\Program Files (x86)\Intel\iCLS Client\;C:\Program Files\Intel\iCLS Client\;C:\Windows\system32;C:\Windows;C:\Windows\System32\Wbem;C:\Windows\System32\WindowsPowerShell\v1.0\;C:\Windows\System32\OpenSSH\;C:\Program Files (x86)\Intel\Intel(R) Management Engine Components\DAL;C:\Program Files\Intel\Intel(R) Management Engine Components\DAL;C:\Program Files (x86)\Intel\Intel(R) Management Engine Components\IPT;C:\Program Files\Intel\Intel(R) Management Engine Components\IPT;E:\Soft\Git\cmd;C:\Program Files\Java\jdk1.8.0_221\bin;C:\Program Files\Java\jdk1.8.0_221\lib;C:\Program Files\Java\jdk1.8.0_221\lib\tool.jar;D:\maven\apache-maven-3.5.2\bin;D:\apache-tomcat-8.5.20\bin;E:\consul;C:\Program Files\gradle-6.0\bin;C:\ProgramData\chocolatey\bin;D:\Develop\nodejs\node_global;D:\Develop\nodejs\;D:\nodejs\node_global\node_modules;C:\Users\Administrator\AppData\Roaming\npm;."/>
    <property name="java.vm.info" value="mixed mode"/>
    <property name="java.vendor" value="Oracle Corporation"/>
    <property name="java.vm.version" value="25.221-b11"/>
    <property name="java.ext.dirs" value="C:\Program Files\Java\jdk1.8.0_221\jre\lib\ext;C:\Windows\Sun\Java\lib\ext"/>
    <property name="sun.io.unicode.encoding" value="UnicodeLittle"/>
    <property name="maven.repo.local" value="D:\maven\repository"/>
    <property name="java.class.version" value="52.0"/>
  </properties>
  <testcase name="shouldAnswerWithTrue" classname="com.gmall.AppTest" time="0.002"/>
</testsuite>